<?xml version="1.0"?><coverage lines-covered="0" lines-valid="11" line-rate="0" branches-covered="0" branches-valid="0" branch-rate="0" complexity="0" version="1.9" timestamp="1695605522"><sources><source>/mnt/BTRFSSharedData/Projects/derive-enum-all-values/derive-enum-all-values</source></sources><packages><package name="src" line-rate="0" branch-rate="0" complexity="0"><classes><class name="lib" filename="src/lib.rs" line-rate="0" branch-rate="0" complexity="0"><methods/><lines><line number="9" hits="0"/><line number="10" hits="0"/><line number="11" hits="0"/><line number="12" hits="0"/><line number="13" hits="0"/><line number="16" hits="0"/><line number="17" hits="0"/><line number="18" hits="0"/><line number="19" hits="0"/><line number="20" hits="0"/><line number="25" hits="0"/></lines></class></classes></package><package name="tests" line-rate="0" branch-rate="0" complexity="0"><classes></classes></package></packages></coverage>